2025-02-24 12:55:38 - PHP Warning:  Undefined array key "base" in D:\ocExtended\ocExtended\app\admin\controller\common\header.php on line 9
2025-02-24 12:56:50 - PHP Warning:  Undefined array key "base" in D:\ocExtended\ocExtended\app\admin\controller\common\header.php on line 9
2025-02-24 12:57:15 - PHP Warning:  Undefined array key "base" in D:\ocExtended\ocExtended\app\admin\controller\common\header.php on line 9
2025-04-12 18:18:11 - PHP Warning:  Undefined array key "header" in D:\ocExtended\red\app\default\controller\event\page.php on line 11
2025-04-12 18:18:11 - PHP Warning:  Undefined array key "footer" in D:\ocExtended\red\app\default\controller\event\page.php on line 12
2025-04-13 00:37:30 - PHP Warning:  Undefined array key "html" in D:\ocExtended\red\app\default\controller\event\page.php on line 11
2025-04-13 00:37:30 - PHP Warning:  Undefined array key "html" in D:\ocExtended\red\app\default\controller\event\page.php on line 11
2025-04-13 00:39:26 - PHP Warning:  Undefined array key "html" in D:\ocExtended\red\app\default\controller\event\page.php on line 12
2025-04-13 00:39:26 - PHP Warning:  Undefined array key "html" in D:\ocExtended\red\app\default\controller\event\page.php on line 12
2025-04-13 00:39:48 - PHP Warning:  Undefined array key "html" in D:\ocExtended\red\app\default\controller\event\page.php on line 12
2025-04-13 00:39:48 - PHP Warning:  Undefined array key "html" in D:\ocExtended\red\app\default\controller\event\page.php on line 12
2025-04-13 00:41:40 - PHP Warning:  Undefined array key "breadcrumbs" in D:\ocExtended\red\app\default\controller\event\page.php on line 11
2025-04-13 00:41:40 - PHP Warning:  Undefined array key "breadcrumbs" in D:\ocExtended\red\app\default\controller\event\page.php on line 11
2025-04-13 01:57:10 - PHP Warning:  Undefined array key "route" in D:\ocExtended\red\system\engine\data.php on line 22
2025-04-13 02:05:43 - PHP Warning:  Undefined array key "route" in D:\ocExtended\red\system\engine\data.php on line 38
2025-04-13 02:05:43 - PHP Warning:  Undefined array key "object" in D:\ocExtended\red\system\engine\data.php on line 45
2025-04-13 02:06:31 - PHP Warning:  Undefined array key "object" in D:\ocExtended\red\system\engine\data.php on line 45
2025-04-14 11:21:19 - PHP Warning:  Undefined array key "breadcrumbs" in D:\ocExtended\red\app\default\controller\common\document_admin.php on line 53
2025-04-15 08:49:39 - PHP Warning:  Undefined array key "breadcrumbs" in D:\ocExtended\red\app\default\controller\common\document_admin.php on line 43
2025-04-15 10:07:59 - PHP Warning:  Undefined array key "breadcrumbs" in D:\ocExtended\red\app\default\controller\common\document_admin.php on line 45
2025-04-15 14:12:46 - PHP Warning:  Undefined array key "route2" in D:\ocExtended\red\system\engine\action.php on line 34
2025-04-15 14:12:46 - PHP Unknown:  ucwords(): Passing null to parameter #1 ($string) of type string is deprecated in D:\ocExtended\red\system\engine\action.php on line 34
2025-04-15 14:12:46 - PHP Warning:  Undefined array key "route2" in D:\ocExtended\red\system\engine\action.php on line 34
2025-04-15 14:12:46 - PHP Unknown:  ucwords(): Passing null to parameter #1 ($string) of type string is deprecated in D:\ocExtended\red\system\engine\action.php on line 34
2025-04-15 14:12:46 - PHP Warning:  Undefined array key "route2" in D:\ocExtended\red\system\engine\action.php on line 34
2025-04-15 14:12:46 - PHP Unknown:  ucwords(): Passing null to parameter #1 ($string) of type string is deprecated in D:\ocExtended\red\system\engine\action.php on line 34
2025-04-15 14:12:46 - PHP Warning:  Undefined array key "route2" in D:\ocExtended\red\system\engine\action.php on line 34
2025-04-15 14:12:46 - PHP Unknown:  ucwords(): Passing null to parameter #1 ($string) of type string is deprecated in D:\ocExtended\red\system\engine\action.php on line 34
2025-04-15 14:12:46 - PHP Warning:  Undefined array key "route2" in D:\ocExtended\red\system\engine\action.php on line 34
2025-04-15 14:12:46 - PHP Unknown:  ucwords(): Passing null to parameter #1 ($string) of type string is deprecated in D:\ocExtended\red\system\engine\action.php on line 34
2025-04-15 14:12:46 - PHP Warning:  Undefined array key "route2" in D:\ocExtended\red\system\engine\action.php on line 34
2025-04-15 14:12:46 - PHP Unknown:  ucwords(): Passing null to parameter #1 ($string) of type string is deprecated in D:\ocExtended\red\system\engine\action.php on line 34
